<?xml version="1.0" encoding="UTF-8"?>
<!-- Generated by org.testng.reporters.JUnitReportReporter -->
<testsuite hostname="ANIK" failures="0" tests="1" name="tests.AutomationTest" time="277.671" errors="0" timestamp="2025-06-22T10:45:18 IST" skipped="0">
  <testcase classname="tests.AutomationTest" name="runTest" time="277.671"/>
</testsuite> <!-- tests.AutomationTest -->
